[17:00:40] [Client thread/INFO]: Setting user: Player855
[17:00:46] [Client thread/WARN]: Skipping bad option: lastServer:
[17:00:46] [Client thread/INFO]: LWJGL Version: 2.9.4
[17:00:53] [Client thread/INFO]: Reloading ResourceManager: Default, FMLFileResourcePack:Forge Mod Loader, FMLFileResourcePack:Minecraft Forge, FMLFileResourcePack:MineFlow
[17:00:58] [Sound Library Loader/INFO]: Starting up SoundSystem...
[17:00:59] [Thread-8/INFO]: Initializing LWJGL OpenAL
[17:00:59] [Thread-8/INFO]: (The LWJGL binding of OpenAL.  For more information, see http://www.lwjgl.org)
[17:00:59] [Thread-8/INFO]: OpenAL initialized.
[17:00:59] [Sound Library Loader/INFO]: Sound engine started
[17:01:11] [Client thread/INFO]: Created: 16x16 textures-atlas
[17:01:12] [Client thread/INFO]: Reloading ResourceManager: Default, FMLFileResourcePack:Forge Mod Loader, FMLFileResourcePack:Minecraft Forge, FMLFileResourcePack:MineFlow
[17:01:18] [Client thread/INFO]: SoundSystem shutting down...
[17:01:18] [Client thread/WARN]: Author: Paul Lamb, www.paulscode.com
[17:01:18] [Sound Library Loader/INFO]: Starting up SoundSystem...
[17:01:19] [Thread-10/INFO]: Initializing LWJGL OpenAL
[17:01:19] [Thread-10/INFO]: (The LWJGL binding of OpenAL.  For more information, see http://www.lwjgl.org)
[17:01:19] [Thread-10/INFO]: OpenAL initialized.
[17:01:19] [Sound Library Loader/INFO]: Sound engine started
[17:01:33] [Client thread/INFO]: Created: 512x512 textures-atlas
[17:01:40] [Client thread/WARN]: Skipping bad option: lastServer:
[17:01:44] [Realms Notification Availability checker #1/INFO]: Could not authorize you against Realms server: Invalid session id
[17:01:53] [Server thread/INFO]: Starting integrated minecraft server version 1.10.2
[17:01:53] [Server thread/INFO]: Generating keypair
[17:01:54] [Server thread/INFO]: Preparing start region for level 0
[17:01:56] [Server thread/INFO]: Preparing spawn area: 0%
[17:01:57] [Server thread/INFO]: Preparing spawn area: 48%
[17:01:58] [Server thread/INFO]: Changing view distance to 12, from 10
[17:02:06] [Server thread/INFO]: Player855[local:E:93e7e7ef] logged in with entity id 193 at (-42.99167002854795, 73.0, 283.0651240049658)
[17:02:06] [Server thread/INFO]: Player855 joined the game
[17:02:08] [Server thread/INFO]: Saving and pausing game...
[17:02:08] [Server thread/INFO]: Saving chunks for level 'New World'/Overworld
[17:02:08] [Server thread/INFO]: Saving chunks for level 'New World'/Nether
[17:02:08] [Server thread/INFO]: Saving chunks for level 'New World'/The End
[17:02:09] [pool-2-thread-1/WARN]: Couldn't look up profile properties for com.mojang.authlib.GameProfile@1924f7d8[id=38ee4029-e397-3902-8d79-d6c4d51a8fef,name=Player855,properties={},legacy=false]
com.mojang.authlib.exceptions.AuthenticationException: The client has sent too many requests within a certain amount of time
	at com.mojang.authlib.yggdrasil.YggdrasilAuthenticationService.makeRequest(YggdrasilAuthenticationService.java:65) ~[YggdrasilAuthenticationService.class:?]
	at com.mojang.authlib.yggdrasil.YggdrasilMinecraftSessionService.fillGameProfile(YggdrasilMinecraftSessionService.java:175) [YggdrasilMinecraftSessionService.class:?]
	at com.mojang.authlib.yggdrasil.YggdrasilMinecraftSessionService$1.load(YggdrasilMinecraftSessionService.java:59) [YggdrasilMinecraftSessionService$1.class:?]
	at com.mojang.authlib.yggdrasil.YggdrasilMinecraftSessionService$1.load(YggdrasilMinecraftSessionService.java:56) [YggdrasilMinecraftSessionService$1.class:?]
	at com.google.common.cache.LocalCache$LoadingValueReference.loadFuture(LocalCache.java:3524) [guava-17.0.jar:?]
	at com.google.common.cache.LocalCache$Segment.loadSync(LocalCache.java:2317) [guava-17.0.jar:?]
	at com.google.common.cache.LocalCache$Segment.lockedGetOrLoad(LocalCache.java:2280) [guava-17.0.jar:?]
	at com.google.common.cache.LocalCache$Segment.get(LocalCache.java:2195) [guava-17.0.jar:?]
	at com.google.common.cache.LocalCache.get(LocalCache.java:3934) [guava-17.0.jar:?]
	at com.google.common.cache.LocalCache.getOrLoad(LocalCache.java:3938) [guava-17.0.jar:?]
	at com.google.common.cache.LocalCache$LocalLoadingCache.get(LocalCache.java:4821) [guava-17.0.jar:?]
	at com.google.common.cache.LocalCache$LocalLoadingCache.getUnchecked(LocalCache.java:4827) [guava-17.0.jar:?]
	at com.mojang.authlib.yggdrasil.YggdrasilMinecraftSessionService.fillProfileProperties(YggdrasilMinecraftSessionService.java:165) [YggdrasilMinecraftSessionService.class:?]
	at net.minecraft.client.Minecraft.getProfileProperties(Minecraft.java:3060) [Minecraft.class:?]
	at net.minecraft.client.resources.SkinManager$3.run(SkinManager.java:131) [SkinManager$3.class:?]
	at java.util.concurrent.Executors$RunnableAdapter.call(Executors.java:511) [?:1.8.0_91]
	at java.util.concurrent.FutureTask.run(FutureTask.java:266) [?:1.8.0_91]
	at java.util.concurrent.ThreadPoolExecutor.runWorker(ThreadPoolExecutor.java:1142) [?:1.8.0_91]
	at java.util.concurrent.ThreadPoolExecutor$Worker.run(ThreadPoolExecutor.java:617) [?:1.8.0_91]
	at java.lang.Thread.run(Thread.java:745) [?:1.8.0_91]
[17:02:10] [Server thread/INFO]: Saving and pausing game...
[17:02:11] [Server thread/INFO]: Saving chunks for level 'New World'/Overworld
[17:02:11] [Server thread/INFO]: Saving chunks for level 'New World'/Nether
[17:02:11] [Server thread/INFO]: Saving chunks for level 'New World'/The End
[17:03:44] [Server thread/INFO]: Player855 has just earned the achievement [Taking Inventory]
[17:03:44] [Client thread/INFO]: [CHAT] Player855 has just earned the achievement [Taking Inventory]
[17:03:55] [Server thread/INFO]: [Player855: Given [Iron Ore] * 1 to Player855]
[17:03:55] [Client thread/INFO]: [CHAT] Given [Iron Ore] * 1 to Player855
[17:04:41] [Server thread/INFO]: [Player855: Set the time to 0]
[17:04:41] [Client thread/INFO]: [CHAT] Set the time to 0
[17:05:31] [Client thread/INFO]: [CHAT] [Debug]: Advanced tooltips: shown
[17:05:52] [Server thread/INFO]: Saving and pausing game...
[17:05:52] [Server thread/INFO]: Saving chunks for level 'New World'/Overworld
[17:05:52] [Server thread/INFO]: Saving chunks for level 'New World'/Nether
[17:05:52] [Server thread/INFO]: Saving chunks for level 'New World'/The End
[17:05:53] [Server thread/INFO]: Stopping server
[17:05:53] [Server thread/INFO]: Saving players
[17:05:53] [Server thread/INFO]: Saving worlds
[17:05:53] [Server thread/INFO]: Saving chunks for level 'New World'/Overworld
[17:05:53] [Server thread/INFO]: Saving chunks for level 'New World'/Nether
[17:05:53] [Server thread/INFO]: Saving chunks for level 'New World'/The End
[17:05:57] [Server thread/INFO]: Starting integrated minecraft server version 1.10.2
[17:05:57] [Server thread/INFO]: Generating keypair
[17:05:57] [Server thread/INFO]: Preparing start region for level 0
[17:05:58] [Server thread/INFO]: Preparing spawn area: 48%
[17:05:59] [Server thread/INFO]: Changing view distance to 12, from 10
[17:05:59] [Server thread/INFO]: Player855[local:E:a77b4202] logged in with entity id 2053 at (-44.69999998807907, 73.0, 281.27857599092084)
[17:05:59] [Server thread/INFO]: Player855 joined the game
[17:06:00] [Server thread/INFO]: Saving and pausing game...
[17:06:00] [Server thread/INFO]: Saving chunks for level 'New World'/Overworld
[17:06:00] [Server thread/INFO]: Saving chunks for level 'New World'/Nether
[17:06:00] [Server thread/INFO]: Saving chunks for level 'New World'/The End
[17:06:04] [Server thread/INFO]: [Player855: Set own game mode to Creative Mode]
[17:06:04] [Client thread/INFO]: [CHAT] Your game mode has been updated to Creative Mode
[17:07:49] [Server thread/INFO]: [Player855: Set own game mode to Survival Mode]
[17:07:49] [Client thread/INFO]: [CHAT] Your game mode has been updated to Survival Mode
[17:07:53] [Server thread/INFO]: Saving and pausing game...
[17:07:53] [Server thread/INFO]: Saving chunks for level 'New World'/Overworld
[17:07:53] [Server thread/INFO]: Saving chunks for level 'New World'/Nether
[17:07:53] [Server thread/INFO]: Saving chunks for level 'New World'/The End
[17:07:54] [Server thread/INFO]: Stopping server
[17:07:54] [Server thread/INFO]: Saving players
[17:07:54] [Server thread/INFO]: Saving worlds
[17:07:54] [Server thread/INFO]: Saving chunks for level 'New World'/Overworld
[17:07:54] [Server thread/INFO]: Saving chunks for level 'New World'/Nether
[17:07:54] [Server thread/INFO]: Saving chunks for level 'New World'/The End
[17:07:56] [Client thread/INFO]: Stopping!
[17:07:56] [Client thread/INFO]: SoundSystem shutting down...
[17:07:57] [Client thread/WARN]: Author: Paul Lamb, www.paulscode.com
